Using pre-set license
Built from '2020.3/staging' branch; Version is '2020.3.11f1 (99c7afb366b3) revision 10078127'; Using compiler version '192528614'; Build Type 'Release'
OS: 'Windows 10 Home; OS build 19041.985; Version 2004; 64bit' Language: 'es' Physical Memory: 16330 MB
BatchMode: 1, IsHumanControllingUs: 0, StartBugReporterOnCrash: 0, Is64bit: 1, IsPro: 0

 COMMAND LINE ARGUMENTS:
D:\Unity\2020.3.11f1\Editor\Unity.exe
-adb2
-batchMode
-noUpm
-name
AssetImportWorker0
-projectPath
D:/Fork/GameJam1106/GameJam1106
-logFile
Logs/AssetImportWorker0.log
-srvPort
52743
Successfully changed project path to: D:/Fork/GameJam1106/GameJam1106
D:/Fork/GameJam1106/GameJam1106
Using Asset Import Pipeline V2.
Refreshing native plugins compatible for Editor in 39.37 ms, found 3 plugins.
Preloading 0 native plugins for Editor in 0.00 ms.
Initialize engine version: 2020.3.11f1 (99c7afb366b3)
[Subsystems] Discovering subsystems at path D:/Unity/2020.3.11f1/Editor/Data/Resources/UnitySubsystems
[Subsystems] Discovering subsystems at path D:/Fork/GameJam1106/GameJam1106/Assets
GfxDevice: creating device client; threaded=0
Direct3D:
    Version:  Direct3D 11.0 [level 11.1]
    Renderer: NVIDIA GeForce GTX 1060 6GB (ID=0x1c03)
    Vendor:   
    VRAM:     6052 MB
    Driver:   27.21.14.6089
Initialize mono
Mono path[0] = 'D:/Unity/2020.3.11f1/Editor/Data/Managed'
Mono path[1] = 'D:/Unity/2020.3.11f1/Editor/Data/MonoBleedingEdge/lib/mono/unityjit'
Mono config path = 'D:/Unity/2020.3.11f1/Editor/Data/MonoBleedingEdge/etc'
Using monoOptions --debugger-agent=transport=dt_socket,embedding=1,server=y,suspend=n,address=127.0.0.1:56932
Begin MonoManager ReloadAssembly
Registering precompiled unity dll's ...
Register platform support module: D:/Unity/2020.3.11f1/Editor/Data/PlaybackEngines/WebGLSupport/UnityEditor.WebGL.Extensions.dll
Register platform support module: D:/Unity/2020.3.11f1/Editor/Data/PlaybackEngines/WindowsStandaloneSupport/UnityEditor.WindowsStandalone.Extensions.dll
Registered in 0.001818 seconds.
Native extension for WindowsStandalone target not found
Native extension for WebGL target not found
Refreshing native plugins compatible for Editor in 37.12 ms, found 3 plugins.
Preloading 0 native plugins for Editor in 0.00 ms.
Mono: successfully reloaded assembly
- Completed reload, in  1.277 seconds
Platform modules already initialized, skipping
Registering precompiled user dll's ...
Registered in 0.003756 seconds.
Begin MonoManager ReloadAssembly
Native extension for WindowsStandalone target not found
Native extension for WebGL target not found
Refreshing native plugins compatible for Editor in 36.62 ms, found 3 plugins.
Preloading 0 native plugins for Editor in 0.00 ms.
Mono: successfully reloaded assembly
- Completed reload, in  1.199 seconds
Platform modules already initialized, skipping
========================================================================
Worker process is ready to serve import requests
Launched and connected shader compiler UnityShaderCompiler.exe after 0.10 seconds
Refreshing native plugins compatible for Editor in 0.46 ms, found 3 plugins.
Preloading 0 native plugins for Editor in 0.00 ms.
Unloading 2082 Unused Serialized files (Serialized files now loaded: 0)
System memory in use before: 92.9 MB.
System memory in use after: 92.8 MB.

Unloading 33 unused Assets to reduce memory usage. Loaded Objects now: 2515.
Total: 58.685200 ms (FindLiveObjects: 0.172300 ms CreateObjectMapping: 0.087800 ms MarkObjects: 57.956800 ms  DeleteObjects: 0.465000 ms)

========================================================================
Received Import Request.
  path: Assets/Scripts/Managers
  artifactKey: Guid(1ca90446e96914c4099787063789c94a) Importer(815301076,1909f56bfc062723c751e8b465ee728b)
Start importing Assets/Scripts/Managers using Guid(1ca90446e96914c4099787063789c94a) Importer(815301076,1909f56bfc062723c751e8b465ee728b)  -> (artifact id: '9c16e38699eee03e7ffb31d19510f903') in 0.060185 seconds
  Import took 0.062942 seconds .

========================================================================
Received Import Request.
  Time since last request: 0.000279 seconds.
  path: Assets/Scripts
  artifactKey: Guid(fadde3ce8405efe46a32f664eeb55d17) Importer(815301076,1909f56bfc062723c751e8b465ee728b)
Start importing Assets/Scripts using Guid(fadde3ce8405efe46a32f664eeb55d17) Importer(815301076,1909f56bfc062723c751e8b465ee728b)  -> (artifact id: '2b7e7bd317f4519175ac8ada93566c5e') in 0.005605 seconds
  Import took 0.008324 seconds .

========================================================================
Received Import Request.
  Time since last request: 19.586716 seconds.
  path: Assets/Scenes
  artifactKey: Guid(8290ea57e02066e40b82d3bea9f4b222) Importer(815301076,1909f56bfc062723c751e8b465ee728b)
Start importing Assets/Scenes using Guid(8290ea57e02066e40b82d3bea9f4b222) Importer(815301076,1909f56bfc062723c751e8b465ee728b)  -> (artifact id: 'd314660bbec994727bd185aa4b4f6eec') in 0.005825 seconds
  Import took 0.008998 seconds .

========================================================================
Received Import Request.
  Time since last request: 7.341781 seconds.
  path: Assets/Scenes/_Jaime.unity
  artifactKey: Guid(de165b91433f0564fb57420d8d84dd77) Importer(815301076,1909f56bfc062723c751e8b465ee728b)
Start importing Assets/Scenes/_Jaime.unity using Guid(de165b91433f0564fb57420d8d84dd77) Importer(815301076,1909f56bfc062723c751e8b465ee728b)  -> (artifact id: 'b47ff25b85579b31a293c7fdf4a6e528') in 0.013639 seconds
  Import took 0.016835 seconds .

